<?xml version="1.0" encoding="utf-8"?><testsuites name="pytest tests"><testsuite name="pytest" errors="0" failures="2" skipped="0" tests="20" time="164.702" timestamp="2026-07-21T08:48:02.210428+00:00" hostname="agent-env-85fd3c9b-1301-4a61-83ed-f174d53848db"><testcase classname="tests.test_advanced_modules.TestRegression" name="test_public_stats" time="0.308" /><testcase classname="tests.test_advanced_modules.TestPhishingSim" name="test_free_gets_402" time="0.309" /><testcase classname="tests.test_advanced_modules.TestPhishingSim" name="test_pro_gets_simulation" time="19.307" /><testcase classname="tests.test_advanced_modules.TestRegression" name="test_list_scans" time="0.679" /><testcase classname="tests.test_advanced_modules.TestRegression" name="test_telegram_get" time="0.155" /><testcase classname="tests.test_advanced_modules.TestRegression" name="test_telegram_post_free_402" time="0.153" /><testcase classname="tests.test_advanced_modules.TestPreferences" name="test_default_prefs" time="0.132" /><testcase classname="tests.test_advanced_modules.TestPreferences" name="test_save_and_clamp" time="0.396" /><testcase classname="tests.test_advanced_modules.TestAPTPersonas" name="test_list_personas" time="0.109" /><testcase classname="tests.test_advanced_modules.TestJSMiner" name="test_js_miner_and_cache" time="0.343" /><testcase classname="tests.test_advanced_modules.TestCTLogs" name="test_ct_logs_no_500_even_if_slow" time="0.710" /><testcase classname="tests.test_advanced_modules.TestShodanDeep" name="test_shodan_deep_no_key" time="0.138"><failure message="AssertionError: assert 'critical_count' in {'configured': False, 'hosts': [], 'total_alerts': 0}">backend/tests/test_advanced_modules.py:175: in test_shodan_deep_no_key
    assert k in sd
E   AssertionError: assert 'critical_count' in {'configured': False, 'hosts': [], 'total_alerts': 0}</failure></testcase><testcase classname="tests.test_advanced_modules.TestDNA" name="test_dna" time="0.131" /><testcase classname="tests.test_advanced_modules.TestRiskOracle" name="test_oracle_and_cache" time="6.806" /><testcase classname="tests.test_advanced_modules.TestBrandGuardian" name="test_brand_guardian" time="24.404" /><testcase classname="tests.test_advanced_modules.TestAttackPath" name="test_none_and_cache" time="29.397" /><testcase classname="tests.test_advanced_modules.TestPoC" name="test_poc" time="0.244"><failure message="AssertionError: assert 'disclaimer' in {'generated_at': '2026-07-21T08:48:37.975848+00:00', 'vulns_analyzed': 0, 'pocs': [], 'message': 'No hay vulnerabilidades críticas identificadas que requieran PoC.'}">backend/tests/test_advanced_modules.py:320: in test_poc
    assert "disclaimer" in p
E   AssertionError: assert 'disclaimer' in {'generated_at': '2026-07-21T08:48:37.975848+00:00', 'vulns_analyzed': 0, 'pocs': [], 'message': 'No hay vulnerabilidades críticas identificadas que requieran PoC.'}</failure></testcase><testcase classname="tests.test_advanced_modules.TestPredictAll" name="test_predict_all" time="33.096" /><testcase classname="tests.test_advanced_modules.TestAttackPath" name="test_apt29_different_cache" time="65.651" /><testcase classname="tests.test_advanced_modules.TestPDFExecutive" name="test_pdf_downloads_with_executive_page" time="48.455" /></testsuite></testsuites>