<?xml version="1.0" encoding="utf-8"?><testsuites name="pytest tests"><testsuite name="pytest" errors="0" failures="0" skipped="0" tests="26" time="13.209" timestamp="2026-07-21T09:10:28.660553+00:00" hostname="agent-env-85fd3c9b-1301-4a61-83ed-f174d53848db"><testcase classname="tests.test_bounty_batch.TestRegressions" name="test_apt_personas" time="0.220" /><testcase classname="tests.test_bounty_batch.TestDiff" name="test_diff_no_history" time="0.182" /><testcase classname="tests.test_bounty_batch.TestDiff" name="test_diff_same_domain" time="0.228" /><testcase classname="tests.test_bounty_batch.TestRegressions" name="test_public_stats" time="0.114" /><testcase classname="tests.test_bounty_batch.TestRegressions" name="test_public_takeover_check" time="0.336" /><testcase classname="tests.test_bounty_batch.TestDiff" name="test_diff_different_domain_400" time="0.261" /><testcase classname="tests.test_bounty_batch.TestBountyReports" name="test_full_crud" time="0.548" /><testcase classname="tests.test_bounty_batch.TestRegressions" name="test_settings_preferences" time="0.140" /><testcase classname="tests.test_bounty_batch.TestRegressions" name="test_telegram_get" time="0.177" /><testcase classname="tests.test_bounty_batch.TestRegressions" name="test_shodan_deep_no_key_ok" time="0.123" /><testcase classname="tests.test_bounty_batch.TestRegressions" name="test_js_miner" time="0.276" /><testcase classname="tests.test_bounty_batch.TestBountyReports" name="test_invalid_status_400" time="0.124" /><testcase classname="tests.test_bounty_batch.TestBountyReports" name="test_someone_elses_scan_404" time="0.128" /><testcase classname="tests.test_bounty_batch.TestRegressions" name="test_dna" time="0.128" /><testcase classname="tests.test_bounty_batch.TestGlobalCorrelation" name="test_correlate_and_cache" time="0.377" /><testcase classname="tests.test_bounty_batch.TestAutoTags" name="test_auto_tag_and_cache" time="5.079" /><testcase classname="tests.test_bounty_batch.TestGlobalCorrelation" name="test_flag_visible_across_users" time="0.193" /><testcase classname="tests.test_bounty_batch.TestVersionTrack" name="test_version_track_no_history" time="0.134" /><testcase classname="tests.test_bounty_batch.TestVersionTrack" name="test_version_track_detects_rollback" time="0.119" /><testcase classname="tests.test_bounty_batch.TestCloudConfig" name="test_cloud_config_and_cache" time="1.444" /><testcase classname="tests.test_bounty_batch.TestAPIAudit" name="test_api_audit_and_cache" time="0.398" /><testcase classname="tests.test_bounty_batch.TestScanHistory" name="test_history_returns_scans_desc" time="0.140" /><testcase classname="tests.test_bounty_batch.TestListScansEnrichment" name="test_tags_flagged_surfaced" time="0.132" /><testcase classname="tests.test_bounty_batch.TestSchedulesDetectChanges" name="test_new_subdomains_alert_high_severity" time="0.434" /><testcase classname="tests.test_bounty_batch.TestAutoTags" name="test_manual_tags_ontology_filter" time="0.236" /><testcase classname="tests.test_bounty_batch.TestParamMiner" name="test_param_miner_and_cache" time="5.255" /></testsuite></testsuites>