<?xml version="1.0" encoding="utf-8"?><testsuites name="pytest tests"><testsuite name="pytest" errors="0" failures="0" skipped="1" tests="13" time="40.163" timestamp="2026-07-21T09:44:24.422963+00:00" hostname="agent-env-85fd3c9b-1301-4a61-83ed-f174d53848db"><testcase classname="tests.test_iteration7_bounty.TestGithubProvider" name="test_providers_list_includes_github" time="0.087" /><testcase classname="tests.test_iteration7_bounty.TestRegressionSanity" name="test_supply_chain_still_ok" time="0.322" /><testcase classname="tests.test_iteration7_bounty.TestGithubProvider" name="test_get_settings_keys_lists_github" time="0.233" /><testcase classname="tests.test_iteration7_bounty.TestGithubProvider" name="test_save_github_key_persists" time="0.262" /><testcase classname="tests.test_iteration7_bounty.TestRegressionSanity" name="test_idor_still_ok" time="0.134" /><testcase classname="tests.test_iteration7_bounty.TestRegressionSanity" name="test_public_stats_still_ok" time="0.118" /><testcase classname="tests.test_iteration7_bounty.TestReverseIP" name="test_no_ip_returns_note" time="0.164" /><testcase classname="tests.test_iteration7_bounty.TestGithubProvider" name="test_save_github_key_with_changed_true_currently_crashes" time="0.114"><skipped type="pytest.xfail" message="KNOWN BUG: TEST_FUNCS has no 'github' handler → 500 Internal Server Error" /></testcase><testcase classname="tests.test_iteration7_bounty.TestReverseIP" name="test_with_ip_returns_schema_and_caches" time="3.149" /><testcase classname="tests.test_iteration7_bounty.TestLogicFlow" name="test_no_flows_detected_returns_200" time="0.191" /><testcase classname="tests.test_iteration7_bounty.TestLogicFlow" name="test_with_flows_calls_ai" time="38.037" /><testcase classname="tests.test_iteration7_bounty.TestGithubMiner" name="test_no_token_returns_configured_false" time="0.177" /><testcase classname="tests.test_iteration7_bounty.TestBotResistance" name="test_bot_resistance_schema_and_cache" time="0.463" /></testsuite></testsuites>