<?xml version="1.0" encoding="utf-8"?><testsuites name="pytest tests"><testsuite name="pytest" errors="0" failures="0" skipped="0" tests="11" time="31.513" timestamp="2026-07-21T09:28:37.873922+00:00" hostname="agent-env-85fd3c9b-1301-4a61-83ed-f174d53848db"><testcase classname="tests.test_iteration6_bounty.TestTakeoverFingerprints" name="test_fingerprints_count_at_least_75" time="0.083" /><testcase classname="tests.test_iteration6_bounty.TestIDORAnalyzer" name="test_idor_free_user_no_findings" time="0.209" /><testcase classname="tests.test_iteration6_bounty.TestTakeoverFingerprints" name="test_new_services_present" time="0.001" /><testcase classname="tests.test_iteration6_bounty.TestTakeoverFingerprints" name="test_takeover_scan_endpoint_ok" time="0.234" /><testcase classname="tests.test_iteration6_bounty.TestIDORAnalyzer" name="test_idor_detects_numeric_and_uuid_patterns" time="14.626" /><testcase classname="tests.test_iteration6_bounty.TestSupplyChain" name="test_supply_chain_no_libraries" time="0.234" /><testcase classname="tests.test_iteration6_bounty.TestSupplyChain" name="test_supply_chain_with_vulnerable_lib" time="0.368" /><testcase classname="tests.test_iteration6_bounty.TestSupplyChain" name="test_supply_chain_cached_on_second_call" time="0.350" /><testcase classname="tests.test_iteration6_bounty.TestIDORAnalyzer" name="test_idor_cached_on_second_call" time="14.910" /><testcase classname="tests.test_iteration6_bounty.TestJSMinerMapProbing" name="test_discover_js_adds_map_urls" time="0.086" /><testcase classname="tests.test_iteration6_bounty.TestJSMinerMapProbing" name="test_js_miner_endpoint_schema_unchanged" time="0.284" /></testsuite></testsuites>