<?xml version="1.0" encoding="utf-8"?><testsuites name="pytest tests"><testsuite name="pytest" errors="0" failures="0" skipped="0" tests="34" time="9.301" timestamp="2026-07-21T11:31:54.119296+00:00" hostname="agent-env-85fd3c9b-1301-4a61-83ed-f174d53848db"><testcase classname="tests.test_iteration12_review" name="test_stealth_status_public" time="0.470" /><testcase classname="tests.test_iteration12_review" name="test_target_facing_modules_use_stealth[osint_engine]" time="0.159" /><testcase classname="tests.test_iteration12_review" name="test_target_facing_modules_use_stealth[tech_stack]" time="0.001" /><testcase classname="tests.test_iteration12_review" name="test_target_facing_modules_use_stealth[integrations.bot_resistance]" time="0.003" /><testcase classname="tests.test_iteration12_review" name="test_target_facing_modules_use_stealth[integrations.js_miner]" time="0.003" /><testcase classname="tests.test_iteration12_review" name="test_target_facing_modules_use_stealth[integrations.takeover_scanner]" time="0.002" /><testcase classname="tests.test_iteration12_review" name="test_target_facing_modules_use_stealth[integrations.param_miner]" time="0.003" /><testcase classname="tests.test_iteration12_review" name="test_target_facing_modules_use_stealth[integrations.cloud_config]" time="0.001" /><testcase classname="tests.test_iteration12_review" name="test_target_facing_modules_use_stealth[integrations.honeypot_detector]" time="0.002" /><testcase classname="tests.test_iteration12_review" name="test_target_facing_modules_use_stealth[integrations.api_auditor]" time="0.001" /><testcase classname="tests.test_iteration12_review" name="test_target_facing_modules_use_stealth[integrations.metadata]" time="0.002" /><testcase classname="tests.test_iteration12_review" name="test_get_email_settings_unauth_returns_401" time="0.164" /><testcase classname="tests.test_iteration12_review" name="test_get_email_settings_returns_resend_configured" time="0.302" /><testcase classname="tests.test_iteration12_review" name="test_post_email_settings_persists" time="0.160" /><testcase classname="tests.test_iteration12_review" name="test_post_email_settings_rejects_bad_address" time="0.152" /><testcase classname="tests.test_iteration12_review" name="test_post_email_test_gracefully_handles_send" time="0.699" /><testcase classname="tests.test_iteration12_review" name="test_waf_bypass_with_cloudflare_playbook" time="0.182" /><testcase classname="tests.test_iteration12_review" name="test_waf_bypass_no_waf_returns_empty_playbook" time="0.172" /><testcase classname="tests.test_iteration12_review" name="test_waf_bypass_uses_cache_when_use_ai_false" time="0.371" /><testcase classname="tests.test_iteration12_review" name="test_waf_bypass_404_when_not_owner" time="0.210" /><testcase classname="tests.test_iteration12_review" name="test_telegram_webhook_rejects_bad_secret" time="0.158" /><testcase classname="tests.test_iteration12_review" name="test_telegram_webhook_admin_start_creates_welcome_event" time="0.757" /><testcase classname="tests.test_iteration12_review" name="test_telegram_webhook_unknown_chat_creates_unauthorized_event" time="0.682" /><testcase classname="tests.test_iteration12_review" name="test_telegram_webhook_ignores_non_start_text" time="0.133" /><testcase classname="tests.test_iteration12_review" name="test_telegram_webhook_status_requires_admin" time="0.158" /><testcase classname="tests.test_iteration12_review" name="test_telegram_webhook_status_admin_ok" time="0.548" /><testcase classname="tests.test_iteration12_review" name="test_telegram_send_welcome_requires_admin" time="0.167" /><testcase classname="tests.test_iteration12_review" name="test_telegram_send_welcome_admin_ok" time="0.678" /><testcase classname="tests.test_iteration12_review" name="test_phishing_sim_returns_404_for_other_users_scan" time="0.142" /><testcase classname="tests.test_iteration12_review" name="test_phishing_sim_returns_402_when_free_user_owns_scan" time="0.145" /><testcase classname="tests.test_iteration12_review" name="test_emailer_is_configured" time="0.045" /><testcase classname="tests.test_iteration12_review" name="test_emailer_html_wrapper_branding" time="0.001" /><testcase classname="tests.test_iteration12_review" name="test_waf_bypass_module_no_waf" time="0.002" /><testcase classname="tests.test_iteration12_review" name="test_welcome_message_banner" time="0.663" /></testsuite></testsuites>