<?xml version="1.0" encoding="utf-8"?><testsuites name="pytest tests"><testsuite name="pytest" errors="0" failures="0" skipped="0" tests="233" time="233.951" timestamp="2026-07-21T11:32:09.744541+00:00" hostname="agent-env-85fd3c9b-1301-4a61-83ed-f174d53848db"><testcase classname="tests.test_iteration12_review" name="test_stealth_status_public" time="0.270" /><testcase classname="tests.test_iteration10_isolation.TestCrossUserIsolation" name="test_user_b_cannot_access_user_a_scan_resource[GET_{sid}]" time="0.372" /><testcase classname="tests.test_iteration12_review" name="test_target_facing_modules_use_stealth[osint_engine]" time="0.208" /><testcase classname="tests.test_iteration10_isolation.TestCrossUserIsolation" name="test_user_b_cannot_access_user_a_scan_resource[GET_geoip]" time="0.305" /><testcase classname="tests.test_iteration12_review" name="test_target_facing_modules_use_stealth[tech_stack]" time="0.001" /><testcase classname="tests.test_iteration12_review" name="test_target_facing_modules_use_stealth[integrations.bot_resistance]" time="0.002" /><testcase classname="tests.test_iteration12_review" name="test_target_facing_modules_use_stealth[integrations.js_miner]" time="0.004" /><testcase classname="tests.test_iteration12_review" name="test_target_facing_modules_use_stealth[integrations.takeover_scanner]" time="0.001" /><testcase classname="tests.test_iteration12_review" name="test_target_facing_modules_use_stealth[integrations.param_miner]" time="0.003" /><testcase classname="tests.test_iteration12_review" name="test_target_facing_modules_use_stealth[integrations.cloud_config]" time="0.004" /><testcase classname="tests.test_iteration12_review" name="test_target_facing_modules_use_stealth[integrations.honeypot_detector]" time="0.002" /><testcase classname="tests.test_iteration12_review" name="test_target_facing_modules_use_stealth[integrations.api_auditor]" time="0.002" /><testcase classname="tests.test_iteration12_review" name="test_target_facing_modules_use_stealth[integrations.metadata]" time="0.003" /><testcase classname="tests.test_iteration12_review" name="test_get_email_settings_unauth_returns_401" time="0.195" /><testcase classname="tests.test_iteration10_isolation.TestCrossUserIsolation" name="test_user_b_cannot_access_user_a_scan_resource[GET_wayback]" time="0.186" /><testcase classname="tests.test_iteration12_review" name="test_get_email_settings_returns_resend_configured" time="0.229" /><testcase classname="tests.test_iteration10_isolation.TestCrossUserIsolation" name="test_user_b_cannot_access_user_a_scan_resource[GET_intel]" time="0.197" /><testcase classname="tests.test_iteration12_review" name="test_post_email_settings_persists" time="0.210" /><testcase classname="tests.test_iteration10_isolation.TestCrossUserIsolation" name="test_user_b_cannot_access_user_a_scan_resource[GET_pdf]" time="0.190" /><testcase classname="tests.test_iteration12_review" name="test_post_email_settings_rejects_bad_address" time="0.185" /><testcase classname="tests.test_iteration10_isolation.TestCrossUserIsolation" name="test_user_b_cannot_access_user_a_scan_resource[GET_reputation]" time="0.194" /><testcase classname="tests.test_iteration12_review" name="test_post_email_test_gracefully_handles_send" time="0.619" /><testcase classname="tests.test_iteration10_isolation.TestCrossUserIsolation" name="test_user_b_cannot_access_user_a_scan_resource[GET_shodan]" time="0.302" /><testcase classname="tests.test_iteration10_isolation.TestCrossUserIsolation" name="test_user_b_cannot_access_user_a_scan_resource[GET_cloud]" time="0.187" /><testcase classname="tests.test_iteration10_isolation.TestCrossUserIsolation" name="test_user_b_cannot_access_user_a_scan_resource[GET_metadata]" time="0.204" /><testcase classname="tests.test_iteration12_review" name="test_waf_bypass_with_cloudflare_playbook" time="0.180" /><testcase classname="tests.test_iteration12_review" name="test_waf_bypass_no_waf_returns_empty_playbook" time="0.228" /><testcase classname="tests.test_iteration10_isolation.TestCrossUserIsolation" name="test_user_b_cannot_access_user_a_scan_resource[GET_takeover]" time="0.156" /><testcase classname="tests.test_iteration10_isolation.TestCrossUserIsolation" name="test_user_b_cannot_access_user_a_scan_resource[GET_pastes]" time="0.160" /><testcase classname="tests.test_iteration12_review" name="test_waf_bypass_uses_cache_when_use_ai_false" time="0.299" /><testcase classname="tests.test_iteration10_isolation.TestCrossUserIsolation" name="test_user_b_cannot_access_user_a_scan_resource[GET_threat-intel]" time="0.154" /><testcase classname="tests.test_iteration10_isolation.TestCrossUserIsolation" name="test_user_b_cannot_access_user_a_scan_resource[GET_js-miner]" time="0.237" /><testcase classname="tests.test_iteration12_review" name="test_waf_bypass_404_when_not_owner" time="0.248" /><testcase classname="tests.test_iteration10_isolation.TestCrossUserIsolation" name="test_user_b_cannot_access_user_a_scan_resource[GET_ct-logs]" time="0.151" /><testcase classname="tests.test_iteration12_review" name="test_telegram_webhook_rejects_bad_secret" time="0.125" /><testcase classname="tests.test_iteration10_isolation.TestCrossUserIsolation" name="test_user_b_cannot_access_user_a_scan_resource[GET_shodan-deep]" time="0.163" /><testcase classname="tests.test_iteration12_review" name="test_telegram_webhook_admin_start_creates_welcome_event" time="0.719" /><testcase classname="tests.test_iteration10_isolation.TestCrossUserIsolation" name="test_user_b_cannot_access_user_a_scan_resource[GET_dna]" time="0.160" /><testcase classname="tests.test_iteration10_isolation.TestCrossUserIsolation" name="test_user_b_cannot_access_user_a_scan_resource[GET_risk-oracle]" time="0.250" /><testcase classname="tests.test_iteration10_isolation.TestCrossUserIsolation" name="test_user_b_cannot_access_user_a_scan_resource[GET_brand-guardian]" time="0.143" /><testcase classname="tests.test_iteration10_isolation.TestCrossUserIsolation" name="test_user_b_cannot_access_user_a_scan_resource[GET_poc]" time="0.202" /><testcase classname="tests.test_iteration12_review" name="test_telegram_webhook_unknown_chat_creates_unauthorized_event" time="0.624" /><testcase classname="tests.test_iteration10_isolation.TestCrossUserIsolation" name="test_user_b_cannot_access_user_a_scan_resource[GET_param-miner]" time="0.134" /><testcase classname="tests.test_iteration10_isolation.TestCrossUserIsolation" name="test_user_b_cannot_access_user_a_scan_resource[GET_cloud-config]" time="0.147" /><testcase classname="tests.test_iteration10_isolation.TestCrossUserIsolation" name="test_user_b_cannot_access_user_a_scan_resource[GET_api-audit]" time="0.142" /><testcase classname="tests.test_iteration12_review" name="test_telegram_webhook_ignores_non_start_text" time="0.131" /><testcase classname="tests.test_iteration10_isolation.TestCrossUserIsolation" name="test_user_b_cannot_access_user_a_scan_resource[GET_idor]" time="0.137" /><testcase classname="tests.test_iteration12_review" name="test_telegram_webhook_status_requires_admin" time="0.129" /><testcase classname="tests.test_iteration10_isolation.TestCrossUserIsolation" name="test_user_b_cannot_access_user_a_scan_resource[GET_supply-chain]" time="0.190" /><testcase classname="tests.test_iteration12_review" name="test_telegram_webhook_status_admin_ok" time="0.512" /><testcase classname="tests.test_iteration10_isolation.TestCrossUserIsolation" name="test_user_b_cannot_access_user_a_scan_resource[GET_logic-flow]" time="0.140" /><testcase classname="tests.test_iteration10_isolation.TestCrossUserIsolation" name="test_user_b_cannot_access_user_a_scan_resource[GET_reverse-ip]" time="0.134" /><testcase classname="tests.test_iteration10_isolation.TestCrossUserIsolation" name="test_user_b_cannot_access_user_a_scan_resource[GET_github-miner]" time="0.225" /><testcase classname="tests.test_iteration12_review" name="test_telegram_send_welcome_requires_admin" time="0.129" /><testcase classname="tests.test_iteration10_isolation.TestCrossUserIsolation" name="test_user_b_cannot_access_user_a_scan_resource[GET_bot-resistance]" time="0.128" /><testcase classname="tests.test_iteration12_review" name="test_telegram_send_welcome_admin_ok" time="0.594" /><testcase classname="tests.test_iteration10_isolation.TestCrossUserIsolation" name="test_user_b_cannot_access_user_a_scan_resource[GET_jarm]" time="0.147" /><testcase classname="tests.test_iteration10_isolation.TestCrossUserIsolation" name="test_user_b_cannot_access_user_a_scan_resource[GET_honeypot]" time="0.124" /><testcase classname="tests.test_iteration10_isolation.TestCrossUserIsolation" name="test_user_b_cannot_access_user_a_scan_resource[GET_evidence-seal]" time="0.137" /><testcase classname="tests.test_iteration10_isolation.TestCrossUserIsolation" name="test_user_b_cannot_access_user_a_scan_resource[POST_timestamp]" time="0.119" /><testcase classname="tests.test_iteration12_review" name="test_phishing_sim_returns_404_for_other_users_scan" time="0.140" /><testcase classname="tests.test_iteration10_isolation.TestCrossUserIsolation" name="test_user_b_cannot_access_user_a_scan_resource[GET_sleeping-infra]" time="0.189" /><testcase classname="tests.test_iteration12_review" name="test_phishing_sim_returns_402_when_free_user_owns_scan" time="0.129" /><testcase classname="tests.test_iteration10_isolation.TestCrossUserIsolation" name="test_user_b_cannot_access_user_a_scan_resource[GET_org-map]" time="0.134" /><testcase classname="tests.test_iteration12_review" name="test_emailer_is_configured" time="0.039" /><testcase classname="tests.test_iteration12_review" name="test_emailer_html_wrapper_branding" time="0.001" /><testcase classname="tests.test_iteration12_review" name="test_waf_bypass_module_no_waf" time="0.001" /><testcase classname="tests.test_iteration12_review" name="test_welcome_message_banner" time="0.390" /><testcase classname="tests.test_iteration10_isolation.TestCrossUserIsolation" name="test_user_b_cannot_access_user_a_scan_resource[GET_dev-profile]" time="0.162" /><testcase classname="tests.test_iteration10_isolation.TestCrossUserIsolation" name="test_user_b_cannot_access_user_a_scan_resource[POST_attack-path]" time="0.137" /><testcase classname="tests.test_iteration10_isolation.TestCrossUserIsolation" name="test_user_b_cannot_access_user_a_scan_resource[POST_phishing-sim]" time="0.139" /><testcase classname="tests.test_bounty_batch.TestRegressions" name="test_apt_personas" time="0.149" /><testcase classname="tests.test_iteration10_isolation.TestCrossUserIsolation" name="test_user_b_cannot_access_user_a_scan_resource[POST_predict]" time="0.127" /><testcase classname="tests.test_bounty_batch.TestRegressions" name="test_public_stats" time="0.128" /><testcase classname="tests.test_iteration10_isolation.TestCrossUserIsolation" name="test_user_b_cannot_access_user_a_scan_resource[POST_auto-tag]" time="0.134" /><testcase classname="tests.test_bounty_batch.TestRegressions" name="test_public_takeover_check" time="0.467" /><testcase classname="tests.test_iteration10_isolation.TestCrossUserIsolation" name="test_user_b_cannot_access_user_a_scan_resource[POST_tags]" time="0.301" /><testcase classname="tests.test_iteration10_isolation.TestCrossUserIsolation" name="test_user_b_cannot_access_user_a_scan_resource[POST_flag]" time="0.173" /><testcase classname="tests.test_bounty_batch.TestRegressions" name="test_settings_preferences" time="0.160" /><testcase classname="tests.test_iteration10_isolation.TestCrossUserIsolation" name="test_user_b_cannot_access_user_a_scan_resource[GET_version-track]" time="0.135" /><testcase classname="tests.test_bounty_batch.TestRegressions" name="test_telegram_get" time="0.130" /><testcase classname="tests.test_iteration10_isolation.TestCrossUserIsolation" name="test_user_b_cannot_access_user_a_scan_resource[GET_correlate]" time="0.131" /><testcase classname="tests.test_bounty_batch.TestRegressions" name="test_shodan_deep_no_key_ok" time="0.134" /><testcase classname="tests.test_iteration10_isolation.TestCrossUserIsolation" name="test_user_b_cannot_access_user_a_scan_resource[GET_diff]" time="0.146" /><testcase classname="tests.test_bounty_batch.TestRegressions" name="test_js_miner" time="0.266" /><testcase classname="tests.test_iteration10_isolation.TestCrossUserIsolation" name="test_user_b_cannot_access_user_a_scan_resource[DELETE_{sid}]" time="0.142" /><testcase classname="tests.test_iteration10_isolation.TestCrossUserIsolation" name="test_list_scans_never_returns_other_users_scans" time="0.191" /><testcase classname="tests.test_bounty_batch.TestRegressions" name="test_dna" time="0.139" /><testcase classname="tests.test_iteration12_p1" name="test_stealth_headers_are_deterministic_per_target" time="0.001" /><testcase classname="tests.test_iteration10_isolation.TestCrossUserIsolation" name="test_history_endpoint_scoped_to_user" time="0.207" /><testcase classname="tests.test_iteration12_p1" name="test_stealth_httpx_client_returns_configured_client" time="0.080" /><testcase classname="tests.test_iteration12_p1" name="test_target_facing_modules_import_stealth_client" time="0.002" /><testcase classname="tests.test_iteration12_p1" name="test_emailer_is_configured_when_key_present" time="0.001" /><testcase classname="tests.test_iteration12_p1" name="test_emailer_gracefully_fails_on_bad_recipient" time="0.002" /><testcase classname="tests.test_iteration12_p1" name="test_emailer_html_wrapper_includes_branding" time="0.001" /><testcase classname="tests.test_iteration12_p1" name="test_waf_bypass_produces_playbook_for_cloudflare" time="0.001" /><testcase classname="tests.test_iteration12_p1" name="test_waf_bypass_gracefully_handles_no_waf" time="0.002" /><testcase classname="tests.test_telegram_public.TestTelegramSettings" name="test_get_telegram_fresh_user" time="0.123" /><testcase classname="tests.test_iteration10_isolation.TestCrossUserIsolation" name="test_bounty_reports_isolated" time="0.307" /><testcase classname="tests.test_telegram_public.TestTelegramSettings" name="test_post_telegram_free_forbidden" time="0.157" /><testcase classname="tests.test_telegram_public.TestTelegramSettings" name="test_post_telegram_only_token_400" time="0.168" /><testcase classname="tests.test_iteration10_isolation.TestCrossUserIsolation" name="test_settings_endpoints_isolated" time="0.200" /><testcase classname="tests.test_telegram_public.TestTelegramSettings" name="test_post_telegram_only_chat_400" time="0.183" /><testcase classname="tests.test_iteration10_isolation.TestCrossUserIsolation" name="test_unauthenticated_scan_endpoint_returns_401" time="0.375" /><testcase classname="tests.test_telegram_public.TestTelegramSettings" name="test_post_telegram_invalid_token_format" time="0.176" /><testcase classname="tests.test_telegram_public.TestTelegramSettings" name="test_post_telegram_empty_clears" time="0.281" /><testcase classname="tests.test_iteration8_genesis.TestRegressionSmoke" name="test_previous_endpoints_still_200[supply-chain]" time="0.143" /><testcase classname="tests.test_telegram_public.TestTelegramSettings" name="test_post_telegram_valid_saves_and_masks" time="0.203" /><testcase classname="tests.test_iteration8_genesis.TestRegressionSmoke" name="test_previous_endpoints_still_200[idor]" time="0.168" /><testcase classname="tests.test_pro_backend.TestRegression" name="test_root" time="0.141" /><testcase classname="tests.test_iteration8_genesis.TestRegressionSmoke" name="test_previous_endpoints_still_200[logic-flow]" time="0.172" /><testcase classname="tests.test_pro_backend.TestRegression" name="test_auth_me_no_auth" time="0.146" /><testcase classname="tests.test_iteration8_genesis.TestRegressionSmoke" name="test_previous_endpoints_still_200[reverse-ip]" time="1.199" /><testcase classname="tests.test_pro_backend.TestRegression" name="test_auth_me_free_returns_plan" time="0.163" /><testcase classname="tests.test_pro_backend.TestRegression" name="test_scan_regression" time="2.262" /><testcase classname="tests.test_iteration8_genesis.TestRegressionSmoke" name="test_previous_endpoints_still_200[github-miner]" time="0.128" /><testcase classname="tests.test_iteration8_genesis.TestRegressionSmoke" name="test_previous_endpoints_still_200[bot-resistance]" time="0.363" /><testcase classname="tests.test_advanced_modules.TestRegression" name="test_public_stats" time="0.119" /><testcase classname="tests.test_advanced_modules.TestRegression" name="test_list_scans" time="0.135" /><testcase classname="tests.test_advanced_modules.TestRegression" name="test_telegram_get" time="0.129" /><testcase classname="tests.test_advanced_modules.TestRegression" name="test_telegram_post_free_402" time="0.123" /><testcase classname="tests.test_iteration12_p1.TestTelegramBot" name="test_webhook_rejects_bad_secret" time="0.007" /><testcase classname="tests.test_iteration12_p1.TestTelegramBot" name="test_webhook_accepts_valid_secret" time="2.012" /><testcase classname="tests.test_pro_backend.TestRegression" name="test_scans_list_regression" time="0.124" /><testcase classname="tests.test_pro_backend.TestPayments" name="test_plan_no_auth" time="0.125" /><testcase classname="tests.test_pro_backend.TestPayments" name="test_plan_free" time="0.123" /><testcase classname="tests.test_pro_backend.TestPayments" name="test_plan_pro" time="0.120" /><testcase classname="tests.test_pro_backend.TestPayments" name="test_checkout_creates_session_and_txn" time="1.217" /><testcase classname="tests.test_iteration12_p1.TestTelegramBot" name="test_webhook_logs_start_events" time="0.532" /><testcase classname="tests.test_pro_backend.TestPayments" name="test_cancel_without_subscription" time="0.123" /><testcase classname="tests.test_iteration7_bounty.TestGithubProvider" name="test_providers_list_includes_github" time="0.067" /><testcase classname="tests.test_iteration7_bounty.TestGithubProvider" name="test_get_settings_keys_lists_github" time="0.117" /><testcase classname="tests.test_iteration7_bounty.TestGithubProvider" name="test_save_github_key_persists" time="0.192" /><testcase classname="tests.test_iteration12_p1.TestTelegramBot" name="test_welcome_message_contains_required_banner" time="0.001" /><testcase classname="tests.test_iteration9_rfc3161.TestRfc3161" name="test_rfc3161_helper_direct" time="0.280" /><testcase classname="tests.test_iteration7_bounty.TestGithubProvider" name="test_save_github_key_with_changed_true_currently_crashes" time="0.281" /><testcase classname="tests.test_iteration9_rfc3161.TestRfc3161" name="test_rfc3161_helper_invalid_digest" time="0.002" /><testcase classname="tests.test_iteration9_rfc3161.TestRfc3161" name="test_rfc3161_endpoint_requires_auth" time="0.135" /><testcase classname="tests.test_pro_backend.TestSchedulesCRUD" name="test_create_and_get" time="0.239" /><testcase classname="tests.test_iteration9_rfc3161.TestRfc3161" name="test_rfc3161_endpoint_flow" time="0.344" /><testcase classname="tests.test_pro_backend.TestSchedulesCRUD" name="test_list_isolated_per_user" time="0.215" /><testcase classname="tests.test_pro_backend.TestSchedulesCRUD" name="test_toggle_schedule" time="0.325" /><testcase classname="tests.test_bounty_batch.TestDiff" name="test_diff_no_history" time="1.148" /><testcase classname="tests.test_pro_backend.TestSchedulesCRUD" name="test_delete_schedule" time="0.225" /><testcase classname="tests.test_bounty_batch.TestBountyReports" name="test_full_crud" time="0.495" /><testcase classname="tests.test_bounty_batch.TestBountyReports" name="test_invalid_status_400" time="0.127" /><testcase classname="tests.test_bounty_batch.TestDiff" name="test_diff_same_domain" time="0.181" /><testcase classname="tests.test_bounty_batch.TestBountyReports" name="test_someone_elses_scan_404" time="0.135" /><testcase classname="tests.test_iteration11_whitelist.TestWhitelistEndpoint" name="test_access_whitelist_status_requires_auth" time="0.109" /><testcase classname="tests.test_bounty_batch.TestDiff" name="test_diff_different_domain_400" time="0.161" /><testcase classname="tests.test_iteration11_whitelist.TestWhitelistEndpoint" name="test_access_whitelist_status_for_non_admin" time="0.161" /><testcase classname="tests.test_iteration6_bounty.TestTakeoverFingerprints" name="test_fingerprints_count_at_least_75" time="0.002" /><testcase classname="tests.test_iteration6_bounty.TestTakeoverFingerprints" name="test_new_services_present" time="0.005" /><testcase classname="tests.test_iteration6_bounty.TestTakeoverFingerprints" name="test_takeover_scan_endpoint_ok" time="0.163" /><testcase classname="tests.test_iteration11_whitelist.TestWhitelistEndpoint" name="test_security_log_forbidden_for_non_admin" time="0.115" /><testcase classname="tests.test_iteration6_bounty.TestSupplyChain" name="test_supply_chain_no_libraries" time="0.134" /><testcase classname="tests.test_iteration6_bounty.TestIDORAnalyzer" name="test_idor_free_user_no_findings" time="0.135" /><testcase classname="tests.test_iteration6_bounty.TestSupplyChain" name="test_supply_chain_with_vulnerable_lib" time="0.629" /><testcase classname="tests.test_iteration6_bounty.TestIDORAnalyzer" name="test_idor_detects_numeric_and_uuid_patterns" time="14.940" /><testcase classname="tests.test_iteration6_bounty.TestSupplyChain" name="test_supply_chain_cached_on_second_call" time="0.337" /><testcase classname="tests.test_iteration7_bounty.TestRegressionSanity" name="test_supply_chain_still_ok" time="0.165" /><testcase classname="tests.test_iteration7_bounty.TestRegressionSanity" name="test_idor_still_ok" time="0.248" /><testcase classname="tests.test_iteration7_bounty.TestRegressionSanity" name="test_public_stats_still_ok" time="0.112" /><testcase classname="tests.test_pro_backend.TestSlack" name="test_get_slack_null_new_user" time="0.120" /><testcase classname="tests.test_pro_backend.TestSlack" name="test_slack_invalid_url" time="0.117" /><testcase classname="tests.test_pro_backend.TestSlack" name="test_slack_valid_url_saved" time="0.207" /><testcase classname="tests.test_telegram_public.TestTelegramTest" name="test_test_no_creds_returns_400" time="0.122" /><testcase classname="tests.test_telegram_public.TestTelegramTest" name="test_test_with_invalid_creds_returns_ok_false" time="0.530" /><testcase classname="tests.test_telegram_public.TestTelegramTest" name="test_test_free_user_forbidden" time="0.122" /><testcase classname="tests.test_advanced_modules.TestPhishingSim" name="test_free_gets_402" time="0.137" /><testcase classname="tests.test_advanced_modules.TestPhishingSim" name="test_pro_gets_simulation" time="16.242" /><testcase classname="tests.test_iteration6_bounty.TestIDORAnalyzer" name="test_idor_cached_on_second_call" time="6.694" /><testcase classname="tests.test_advanced_modules.TestAttackPath" name="test_none_and_cache" time="24.563" /><testcase classname="tests.test_pro_backend.TestAlerts" name="test_alerts_empty_for_new_user" time="0.162" /><testcase classname="tests.test_pro_backend.TestAlerts" name="test_alerts_mark_read" time="0.122" /><testcase classname="tests.test_pro_backend.TestAlerts" name="test_alerts_sorted_desc" time="0.170" /><testcase classname="tests.test_bounty_batch.TestAutoTags" name="test_auto_tag_and_cache" time="7.339" /><testcase classname="tests.test_bounty_batch.TestAutoTags" name="test_manual_tags_ontology_filter" time="0.210" /><testcase classname="tests.test_bounty_batch.TestGlobalCorrelation" name="test_correlate_and_cache" time="0.276" /><testcase classname="tests.test_bounty_batch.TestGlobalCorrelation" name="test_flag_visible_across_users" time="0.264" /><testcase classname="tests.test_bounty_batch.TestVersionTrack" name="test_version_track_no_history" time="0.191" /><testcase classname="tests.test_bounty_batch.TestVersionTrack" name="test_version_track_detects_rollback" time="0.194" /><testcase classname="tests.test_iteration11_whitelist.TestSessionWhitelist" name="test_email_in_whitelist_is_allowed_normalized" time="0.003" /><testcase classname="tests.test_iteration11_whitelist.TestSessionWhitelist" name="test_admin_detection" time="0.002" /><testcase classname="tests.test_iteration11_whitelist.TestTelegramAccessAlert" name="test_telegram_message_format" time="0.002" /><testcase classname="tests.test_iteration11_whitelist.TestTelegramAccessAlert" name="test_telegram_config_lookup_skipped_without_config" time="0.001" /><testcase classname="tests.test_iteration6_bounty.TestJSMinerMapProbing" name="test_discover_js_adds_map_urls" time="0.004" /><testcase classname="tests.test_iteration6_bounty.TestJSMinerMapProbing" name="test_js_miner_endpoint_schema_unchanged" time="0.315" /><testcase classname="tests.test_iteration7_bounty.TestLogicFlow" name="test_no_flows_detected_returns_200" time="0.227" /><testcase classname="tests.test_iteration7_bounty.TestLogicFlow" name="test_with_flows_calls_ai" time="41.143" /><testcase classname="tests.test_advanced_modules.TestAttackPath" name="test_apt29_different_cache" time="60.041" /><testcase classname="tests.test_iteration7_bounty.TestReverseIP" name="test_no_ip_returns_note" time="2.281" /><testcase classname="tests.test_iteration7_bounty.TestReverseIP" name="test_with_ip_returns_schema_and_caches" time="1.176" /><testcase classname="tests.test_iteration8_genesis.TestGithubKeySaveFixed" name="test_save_github_key_with_changed_true_no_longer_crashes" time="0.394" /><testcase classname="tests.test_iteration8_genesis.TestGithubKeySaveFixed" name="test_test_funcs_has_github" time="0.001" /><testcase classname="tests.test_pro_backend.TestSchedulesGating" name="test_create_schedule_free_forbidden" time="0.183" /><testcase classname="tests.test_pro_backend.TestSchedulesGating" name="test_slack_free_forbidden" time="0.215" /><testcase classname="tests.test_telegram_public.TestPublicStats" name="test_stats_no_auth" time="0.231" /><testcase classname="tests.test_telegram_public.TestPublicStats" name="test_stats_cache_second_call" time="0.229" /><testcase classname="tests.test_telegram_public.TestPublicTakeover" name="test_public_scan_inserts_db_row" time="2.631" /><testcase classname="tests.test_telegram_public.TestPublicTakeover" name="test_public_scan_invalid_domain" time="0.246" /><testcase classname="tests.test_telegram_public.TestRegressionSettings" name="test_settings_keys_returns_shape" time="0.177" /><testcase classname="tests.test_telegram_public.TestRegressionSettings" name="test_slack_get_still_works" time="0.198" /><testcase classname="tests.test_advanced_modules.TestAPTPersonas" name="test_list_personas" time="0.188" /><testcase classname="tests.test_advanced_modules.TestJSMiner" name="test_js_miner_and_cache" time="0.474" /><testcase classname="tests.test_advanced_modules.TestCTLogs" name="test_ct_logs_no_500_even_if_slow" time="12.212" /><testcase classname="tests.test_advanced_modules.TestShodanDeep" name="test_shodan_deep_no_key" time="0.311" /><testcase classname="tests.test_advanced_modules.TestDNA" name="test_dna" time="0.190" /><testcase classname="tests.test_advanced_modules.TestRiskOracle" name="test_oracle_and_cache" time="13.475" /><testcase classname="tests.test_advanced_modules.TestPreferences" name="test_default_prefs" time="0.229" /><testcase classname="tests.test_advanced_modules.TestPreferences" name="test_save_and_clamp" time="0.671" /><testcase classname="tests.test_advanced_modules.TestPredictAll" name="test_predict_all" time="29.363" /><testcase classname="tests.test_advanced_modules.TestBrandGuardian" name="test_brand_guardian" time="29.699" /><testcase classname="tests.test_advanced_modules.TestPDFExecutive" name="test_pdf_downloads_with_executive_page" time="40.136" /><testcase classname="tests.test_advanced_modules.TestPoC" name="test_poc" time="0.232" /><testcase classname="tests.test_bounty_batch.TestCloudConfig" name="test_cloud_config_and_cache" time="2.860" /><testcase classname="tests.test_bounty_batch.TestScanHistory" name="test_history_returns_scans_desc" time="0.302" /><testcase classname="tests.test_bounty_batch.TestListScansEnrichment" name="test_tags_flagged_surfaced" time="0.294" /><testcase classname="tests.test_bounty_batch.TestSchedulesDetectChanges" name="test_new_subdomains_alert_high_severity" time="0.007" /><testcase classname="tests.test_iteration11_whitelist.TestAccessAttemptsLog" name="test_attempts_collection_is_writable" time="0.007" /><testcase classname="tests.test_iteration7_bounty.TestGithubMiner" name="test_no_token_returns_configured_false" time="0.237" /><testcase classname="tests.test_iteration7_bounty.TestBotResistance" name="test_bot_resistance_schema_and_cache" time="0.709" /><testcase classname="tests.test_iteration8_genesis.TestStealthStatus" name="test_stealth_status_public" time="0.159" /><testcase classname="tests.test_iteration8_genesis.TestJarm" name="test_jarm_returns_62_char_fingerprint_and_caches" time="1.039" /><testcase classname="tests.test_iteration8_genesis.TestHoneypot" name="test_honeypot_schema_and_cache" time="2.575" /><testcase classname="tests.test_iteration8_genesis.TestEvidenceSeal" name="test_evidence_seal_empty_findings_deterministic" time="0.321" /><testcase classname="tests.test_iteration8_genesis.TestSleepingInfra" name="test_sleeping_infra_schema" time="0.223" /><testcase classname="tests.test_iteration8_genesis.TestOrgMap" name="test_org_map_schema_and_cache" time="4.221" /><testcase classname="tests.test_iteration8_genesis.TestDevProfile" name="test_dev_profile_schema_and_cache" time="7.179" /><testcase classname="tests.test_pro_backend.TestSchedulerWorker" name="test_schedule_runs_within_90s" time="55.336" /><testcase classname="tests.test_bounty_batch.TestParamMiner" name="test_param_miner_and_cache" time="0.639" /><testcase classname="tests.test_bounty_batch.TestAPIAudit" name="test_api_audit_and_cache" time="0.695" /><testcase classname="tests.test_telegram_public.TestPublicRateLimit" name="test_rate_limit_hits_after_5" time="1.747" /></testsuite></testsuites>