<?xml version="1.0" encoding="utf-8"?><testsuites name="pytest tests"><testsuite name="pytest" errors="0" failures="1" skipped="0" tests="37" time="30.032" timestamp="2026-07-21T09:45:12.854465+00:00" hostname="agent-env-85fd3c9b-1301-4a61-83ed-f174d53848db"><testcase classname="tests.test_bounty_batch.TestRegressions" name="test_apt_personas" time="0.268" /><testcase classname="tests.test_bounty_batch.TestDiff" name="test_diff_no_history" time="0.212" /><testcase classname="tests.test_bounty_batch.TestDiff" name="test_diff_same_domain" time="0.177" /><testcase classname="tests.test_bounty_batch.TestRegressions" name="test_public_stats" time="0.162" /><testcase classname="tests.test_bounty_batch.TestDiff" name="test_diff_different_domain_400" time="0.135" /><testcase classname="tests.test_bounty_batch.TestRegressions" name="test_public_takeover_check" time="0.411" /><testcase classname="tests.test_bounty_batch.TestBountyReports" name="test_full_crud" time="0.628" /><testcase classname="tests.test_bounty_batch.TestRegressions" name="test_settings_preferences" time="0.125" /><testcase classname="tests.test_bounty_batch.TestRegressions" name="test_telegram_get" time="0.127" /><testcase classname="tests.test_bounty_batch.TestRegressions" name="test_shodan_deep_no_key_ok" time="0.137" /><testcase classname="tests.test_bounty_batch.TestBountyReports" name="test_invalid_status_400" time="0.163" /><testcase classname="tests.test_bounty_batch.TestRegressions" name="test_js_miner" time="0.242" /><testcase classname="tests.test_bounty_batch.TestBountyReports" name="test_someone_elses_scan_404" time="0.155" /><testcase classname="tests.test_iteration6_bounty.TestTakeoverFingerprints" name="test_fingerprints_count_at_least_75" time="0.091" /><testcase classname="tests.test_bounty_batch.TestRegressions" name="test_dna" time="0.138" /><testcase classname="tests.test_iteration6_bounty.TestTakeoverFingerprints" name="test_new_services_present" time="0.001" /><testcase classname="tests.test_iteration6_bounty.TestTakeoverFingerprints" name="test_takeover_scan_endpoint_ok" time="0.172" /><testcase classname="tests.test_iteration6_bounty.TestIDORAnalyzer" name="test_idor_free_user_no_findings" time="0.124" /><testcase classname="tests.test_iteration6_bounty.TestSupplyChain" name="test_supply_chain_no_libraries" time="0.134" /><testcase classname="tests.test_iteration6_bounty.TestIDORAnalyzer" name="test_idor_detects_numeric_and_uuid_patterns" time="14.206"><failure message="AssertionError: numeric fuzz_ids count out of range: 11&#10;assert 11 &lt;= 10&#10; +  where 11 = len(['0', '1', '-1', '120', '121', '122', ...])">E   AssertionError: numeric fuzz_ids count out of range: 11
    assert 11 &lt;= 10
     +  where 11 = len(['0', '1', '-1', '120', '121', '122', ...])</failure></testcase><testcase classname="tests.test_iteration6_bounty.TestSupplyChain" name="test_supply_chain_with_vulnerable_lib" time="0.336" /><testcase classname="tests.test_iteration6_bounty.TestSupplyChain" name="test_supply_chain_cached_on_second_call" time="0.393" /><testcase classname="tests.test_bounty_batch.TestGlobalCorrelation" name="test_correlate_and_cache" time="0.193" /><testcase classname="tests.test_bounty_batch.TestGlobalCorrelation" name="test_flag_visible_across_users" time="0.192" /><testcase classname="tests.test_bounty_batch.TestVersionTrack" name="test_version_track_no_history" time="0.150" /><testcase classname="tests.test_bounty_batch.TestVersionTrack" name="test_version_track_detects_rollback" time="0.140" /><testcase classname="tests.test_iteration6_bounty.TestJSMinerMapProbing" name="test_discover_js_adds_map_urls" time="0.003" /><testcase classname="tests.test_iteration6_bounty.TestJSMinerMapProbing" name="test_js_miner_endpoint_schema_unchanged" time="0.232" /><testcase classname="tests.test_bounty_batch.TestParamMiner" name="test_param_miner_and_cache" time="0.283" /><testcase classname="tests.test_bounty_batch.TestCloudConfig" name="test_cloud_config_and_cache" time="1.384" /><testcase classname="tests.test_bounty_batch.TestAPIAudit" name="test_api_audit_and_cache" time="0.407" /><testcase classname="tests.test_bounty_batch.TestScanHistory" name="test_history_returns_scans_desc" time="0.124" /><testcase classname="tests.test_bounty_batch.TestListScansEnrichment" name="test_tags_flagged_surfaced" time="0.125" /><testcase classname="tests.test_bounty_batch.TestSchedulesDetectChanges" name="test_new_subdomains_alert_high_severity" time="0.337" /><testcase classname="tests.test_iteration6_bounty.TestIDORAnalyzer" name="test_idor_cached_on_second_call" time="7.897" /><testcase classname="tests.test_bounty_batch.TestAutoTags" name="test_auto_tag_and_cache" time="4.799" /><testcase classname="tests.test_bounty_batch.TestAutoTags" name="test_manual_tags_ontology_filter" time="0.164" /></testsuite></testsuites>