<?xml version="1.0" encoding="utf-8"?><testsuites name="pytest tests"><testsuite name="pytest" errors="0" failures="0" skipped="0" tests="22" time="8.059" timestamp="2026-07-19T11:05:33.137334+00:00" hostname="agent-env-85fd3c9b-1301-4a61-83ed-f174d53848db"><testcase classname="tests.test_pro_backend.TestPayments" name="test_plan_no_auth" time="0.272" /><testcase classname="tests.test_pro_backend.TestRegression" name="test_root" time="0.246" /><testcase classname="tests.test_pro_backend.TestRegression" name="test_auth_me_no_auth" time="0.215" /><testcase classname="tests.test_pro_backend.TestPayments" name="test_plan_free" time="0.280" /><testcase classname="tests.test_pro_backend.TestRegression" name="test_auth_me_free_returns_plan" time="0.201" /><testcase classname="tests.test_pro_backend.TestPayments" name="test_plan_pro" time="0.214" /><testcase classname="tests.test_pro_backend.TestRegression" name="test_scan_regression" time="2.825" /><testcase classname="tests.test_pro_backend.TestPayments" name="test_checkout_creates_session_and_txn" time="1.221" /><testcase classname="tests.test_pro_backend.TestPayments" name="test_cancel_without_subscription" time="0.223" /><testcase classname="tests.test_pro_backend.TestAlerts" name="test_alerts_empty_for_new_user" time="0.194" /><testcase classname="tests.test_pro_backend.TestAlerts" name="test_alerts_mark_read" time="0.190" /><testcase classname="tests.test_pro_backend.TestAlerts" name="test_alerts_sorted_desc" time="0.183" /><testcase classname="tests.test_pro_backend.TestSlack" name="test_get_slack_null_new_user" time="0.183" /><testcase classname="tests.test_pro_backend.TestSlack" name="test_slack_invalid_url" time="0.176" /><testcase classname="tests.test_pro_backend.TestSlack" name="test_slack_valid_url_saved" time="0.209" /><testcase classname="tests.test_pro_backend.TestSchedulesGating" name="test_create_schedule_free_forbidden" time="0.180" /><testcase classname="tests.test_pro_backend.TestRegression" name="test_scans_list_regression" time="0.181" /><testcase classname="tests.test_pro_backend.TestSchedulesGating" name="test_slack_free_forbidden" time="0.201" /><testcase classname="tests.test_pro_backend.TestSchedulesCRUD" name="test_create_and_get" time="0.253" /><testcase classname="tests.test_pro_backend.TestSchedulesCRUD" name="test_list_isolated_per_user" time="0.251" /><testcase classname="tests.test_pro_backend.TestSchedulesCRUD" name="test_toggle_schedule" time="0.300" /><testcase classname="tests.test_pro_backend.TestSchedulesCRUD" name="test_delete_schedule" time="0.272" /></testsuite></testsuites>