<?xml version="1.0" encoding="utf-8"?><testsuites name="pytest tests"><testsuite name="pytest" errors="0" failures="0" skipped="0" tests="17" time="4.657" timestamp="2026-07-21T08:22:41.127410+00:00" hostname="agent-env-85fd3c9b-1301-4a61-83ed-f174d53848db"><testcase classname="tests.test_telegram_public.TestTelegramTest" name="test_test_no_creds_returns_400" time="0.374" /><testcase classname="tests.test_telegram_public.TestTelegramSettings" name="test_get_telegram_fresh_user" time="0.375" /><testcase classname="tests.test_telegram_public.TestTelegramTest" name="test_test_with_invalid_creds_returns_ok_false" time="0.676" /><testcase classname="tests.test_telegram_public.TestTelegramSettings" name="test_post_telegram_free_forbidden" time="0.122" /><testcase classname="tests.test_telegram_public.TestTelegramSettings" name="test_post_telegram_only_token_400" time="0.139" /><testcase classname="tests.test_telegram_public.TestTelegramSettings" name="test_post_telegram_only_chat_400" time="0.125" /><testcase classname="tests.test_telegram_public.TestTelegramSettings" name="test_post_telegram_invalid_token_format" time="0.128" /><testcase classname="tests.test_telegram_public.TestTelegramSettings" name="test_post_telegram_empty_clears" time="0.302" /><testcase classname="tests.test_telegram_public.TestTelegramTest" name="test_test_free_user_forbidden" time="0.168" /><testcase classname="tests.test_telegram_public.TestTelegramSettings" name="test_post_telegram_valid_saves_and_masks" time="0.229" /><testcase classname="tests.test_telegram_public.TestPublicStats" name="test_stats_no_auth" time="0.162" /><testcase classname="tests.test_telegram_public.TestPublicStats" name="test_stats_cache_second_call" time="0.194" /><testcase classname="tests.test_telegram_public.TestPublicTakeover" name="test_public_scan_inserts_db_row" time="0.439" /><testcase classname="tests.test_telegram_public.TestRegressionSettings" name="test_settings_keys_returns_shape" time="0.188" /><testcase classname="tests.test_telegram_public.TestRegressionSettings" name="test_slack_get_still_works" time="0.129" /><testcase classname="tests.test_telegram_public.TestPublicTakeover" name="test_public_scan_invalid_domain" time="0.134" /><testcase classname="tests.test_telegram_public.TestPublicRateLimit" name="test_rate_limit_hits_after_5" time="1.186" /></testsuite></testsuites>